Apr-20 20:31:03 :: INFO     :: Opening database at: /root/.xbmc/userdata/addon_data/service.web.maraschino/maraschino.db
Apr-20 20:31:05 :: INFO     :: UPDATER :: Checking for updates
Apr-20 20:31:05 :: INFO     :: Starting Maraschino on 0.0.0.0:7000
Apr-20 20:31:07 :: INFO     :: UPDATER :: Up to date
Apr-20 20:36:02 :: WARNING  :: Could not retrieve number of columns settings. Defaulting to 3.
Apr-20 20:36:07 :: INFO     :: Using cached recently added episodes
Apr-20 20:36:07 :: ERROR    :: Failed to get recently added episodes from database
Apr-20 20:36:07 :: INFO     :: Using cached recently added albums
Apr-20 20:36:07 :: ERROR    :: Failed to get recently added albums from database
Apr-20 20:36:07 :: INFO     :: Using cached recently added movies
Apr-20 20:36:07 :: ERROR    :: Failed to get recently added movies from database
Apr-20 20:36:18 :: INFO     :: Using cached recently added albums
Apr-20 20:36:18 :: ERROR    :: Failed to get recently added albums from database
Apr-20 20:36:18 :: INFO     :: Using cached recently added episodes
Apr-20 20:36:18 :: ERROR    :: Failed to get recently added episodes from database
Apr-20 20:36:18 :: INFO     :: Using cached recently added movies
Apr-20 20:36:18 :: ERROR    :: Failed to get recently added movies from database
Jan-02 13:52:02 :: INFO     :: Opening database at: /root/.xbmc/userdata/addon_data/service.web.maraschino/maraschino.db
Jan-02 13:52:04 :: INFO     :: UPDATER :: Checking for updates
Jan-02 13:52:04 :: INFO     :: Starting Maraschino on 0.0.0.0:7000
Jan-02 13:52:04 :: WARNING  :: UPDATER :: Could not get latest commit from github
Jan-02 13:52:04 :: WARNING  :: UPDATER :: Could not get commits behind from github
Jan-02 13:52:04 :: INFO     :: UPDATER :: Up to date
Jan-02 14:16:34 :: INFO     :: Opening database at: /root/.xbmc/userdata/addon_data/service.web.maraschino/maraschino.db
Jan-02 14:16:36 :: INFO     :: UPDATER :: Checking for updates
Jan-02 14:16:36 :: INFO     :: Starting Maraschino on 0.0.0.0:7000
Jan-02 14:16:40 :: INFO     :: UPDATER :: Update available, you are 5 commits behind
May-22 00:03:56 :: INFO     :: Opening database at: /root/.xbmc/userdata/addon_data/service.web.maraschino/maraschino.db
May-22 00:03:59 :: INFO     :: UPDATER :: Checking for updates
May-22 00:03:59 :: INFO     :: Starting Maraschino on 0.0.0.0:7000
May-22 00:04:03 :: INFO     :: UPDATER :: Update available, you are 5 commits behind
